C51 COMPILER V9.59.0.0   I2C                                                               05/07/2024 08:54:25 PAGE 1   


C51 COMPILER V9.59.0.0, COMPILATION OF MODULE I2C
OBJECT MODULE PLACED IN .\Objects\I2C.obj
COMPILER INVOKED BY: E:\keil\C51\BIN\C51.EXE I2C.c LARGE OPTIMIZE(8,SPEED) BROWSE DEBUG OBJECTEXTEND PRINT(.\Listings\I2
                    -C.lst) TABS(2) OBJECT(.\Objects\I2C.obj)

line level    source

   1          #include "I2C.h"
   2          
   3          unsigned int wait_flag=0;
   4          
   5          void I2C_Start(void)
   6          {
   7   1        PIN_SDA_IIC = 1;
   8   1        PIN_SCL_IIC = 1;
   9   1        PIN_SDA_IIC = 0;
  10   1        PIN_SCL_IIC = 0;
  11   1      }
  12          
  13          void I2C_Stop(void)
  14          {
  15   1        PIN_SCL_IIC = 0;
  16   1        PIN_SDA_IIC = 0;
  17   1        PIN_SCL_IIC = 1;
  18   1        PIN_SDA_IIC = 1;
  19   1      }
  20          
  21          void I2C_SendAck(bit ackbit)
  22          {
  23   1        PIN_SCL_IIC = 0;
  24   1        PIN_SDA_IIC = ackbit;
  25   1        PIN_SCL_IIC = 1;
  26   1        PIN_SCL_IIC = 0;
  27   1        PIN_SDA_IIC = 1;
  28   1      }
  29          
  30          void I2C_WaitAck(bit ackbit)
  31          {
  32   1        PIN_SCL_IIC  = 1;
  33   1        while(PIN_SDA_IIC!=ackbit)
  34   1        {
  35   2          wait_flag++;
  36   2          if(wait_flag>65534)
  37   2          {
  38   3            wait_flag=0;
  39   3            break;
  40   3          }
  41   2        }
  42   1        PIN_SCL_IIC = 0;
  43   1      }
  44          
  45          void I2C_SendByte(unsigned char byt)
  46          {
  47   1        unsigned char i;
  48   1        for(i=0; i<8; i++)
  49   1        {
  50   2          PIN_SCL_IIC  = 0;
  51   2          if(byt & 0x80) PIN_SDA_IIC  = 1;
  52   2          else PIN_SDA_IIC  = 0;
  53   2          PIN_SCL_IIC = 1;
  54   2          byt <<= 1;
C51 COMPILER V9.59.0.0   I2C                                                               05/07/2024 08:54:25 PAGE 2   

  55   2        }
  56   1        PIN_SCL_IIC  = 0;
  57   1      }
  58          
  59          unsigned char I2C_ReadByte(void)
  60          {
  61   1        unsigned char i, dat;
  62   1        for(i=0; i<8; i++)
  63   1        {
  64   2          PIN_SCL_IIC = 1;
  65   2          dat <<= 1;
  66   2          if(PIN_SDA_IIC) dat |= 1;
  67   2          PIN_SCL_IIC = 0;
  68   2        }
  69   1        return dat;
  70   1      }


MODULE INFORMATION:   STATIC OVERLAYABLE
   CODE SIZE        =    154    ----
   CONSTANT SIZE    =   ----    ----
   XDATA SIZE       =      2    ----
   PDATA SIZE       =   ----    ----
   DATA SIZE        =   ----    ----
   IDATA SIZE       =   ----    ----
   BIT SIZE         =   ----       2
END OF MODULE INFORMATION.


C51 COMPILATION COMPLETE.  0 WARNING(S),  0 ERROR(S)
