C51 COMPILER V9.59.0.0   MAIN                                                              05/07/2024 08:54:25 PAGE 1   


C51 COMPILER V9.59.0.0, COMPILATION OF MODULE MAIN
OBJECT MODULE PLACED IN .\Objects\main.obj
COMPILER INVOKED BY: E:\keil\C51\BIN\C51.EXE main.c LARGE OPTIMIZE(8,SPEED) BROWSE DEBUG OBJECTEXTEND PRINT(.\Listings\m
                    -ain.lst) TABS(2) OBJECT(.\Objects\main.obj)

line level    source

   1          #include <reg51.h>
   2          #include <stdio.h>
   3          #include "SSD1306I2C.h"
   4          #include "ADS1110.h"
   5          
   6          sbit ctrl1=P1^2;
   7          sbit ctrl2=P1^3;
   8          
   9          unsigned char sec_flag=0;
  10          unsigned int temp_read=0;
  11          unsigned int humi_read=0;
  12          char t[8];
  13          bit ctrl;
  14          
  15          void Timer_init()
  16          {
  17   1        TMOD=0x11;
  18   1        TH0=0;
  19   1        TL0=0;
  20   1        ET0=TR0=1;
  21   1        TH1=0;
  22   1        TL1=0;
  23   1        ET1=TR1=1;
  24   1        EA=1;
  25   1      }
  26          
  27          void t0() interrupt 1
  28          {
  29   1        TH0=0xF0;
  30   1        TL0=0xBD;
  31   1        ET0=TR0=1;
  32   1        if(!(sec_flag%128))
  33   1        {
  34   2          if(ctrl)
  35   2          {
  36   3            temp_read=ADS_read();
  37   3            sprintf(t, "%.4f",temp_read/(float)160-0.2312);
  38   3            OLED_P8x16Str(0,2,t);
  39   3            ctrl1=0;ctrl2=1;
  40   3          }
  41   2          else
  42   2          {
  43   3            humi_read=ADS_read();
  44   3            sprintf(t, "%.4f",(humi_read-6013)/252.5);
  45   3            OLED_P8x16Str(0,6,t);
  46   3            ctrl1=1;ctrl2=0;
  47   3          }
  48   2          ctrl=~ctrl;
  49   2        }
  50   1        sec_flag++;
  51   1      }
  52          
  53          void t1() interrupt 3
  54          {
C51 COMPILER V9.59.0.0   MAIN                                                              05/07/2024 08:54:25 PAGE 2   

  55   1        TH1=0;
  56   1        TL1=0;
  57   1        ET1=TR1=1;
  58   1        
  59   1      }
  60          
  61          void main()
  62          {
  63   1        OLED_Init();
  64   1        OLED_P8x16Str(0,0,"Temperature:");
  65   1        OLED_P8x16Str(0,4,"Humidity:");
  66   1        
  67   1        ADS_set(BITS_16|GAIN_1);
  68   1        ctrl1=0;ctrl2=1;
  69   1        
  70   1        Timer_init();
  71   1        while(1)
  72   1        {
  73   2          
  74   2        }
  75   1      }


MODULE INFORMATION:   STATIC OVERLAYABLE
   CODE SIZE        =    349    ----
   CONSTANT SIZE    =     28    ----
   XDATA SIZE       =     13    ----
   PDATA SIZE       =   ----    ----
   DATA SIZE        =   ----    ----
   IDATA SIZE       =   ----    ----
   BIT SIZE         =      1    ----
END OF MODULE INFORMATION.


C51 COMPILATION COMPLETE.  0 WARNING(S),  0 ERROR(S)
