C51 COMPILER V9.59.0.0   SSD1306I2C                                                        05/07/2024 08:54:25 PAGE 1   


C51 COMPILER V9.59.0.0, COMPILATION OF MODULE SSD1306I2C
OBJECT MODULE PLACED IN .\Objects\SSD1306I2C.obj
COMPILER INVOKED BY: E:\keil\C51\BIN\C51.EXE SSD1306I2C.c LARGE OPTIMIZE(8,SPEED) BROWSE DEBUG OBJECTEXTEND PRINT(.\List
                    -ings\SSD1306I2C.lst) TABS(2) OBJECT(.\Objects\SSD1306I2C.obj)

line level    source

   1          #include "SSD1306I2C.h"
   2          #include "codetab.h"
   3          
   4          /*********************OLED写数据************************************/ 
   5          void OLED_WrDat(unsigned char IIC_Data)
   6          {
   7   1        I2C_Start();
   8   1        I2C_SendByte(OLED_address);
   9   1        I2C_WaitAck(0);
  10   1        I2C_SendByte(0x40);
  11   1        I2C_WaitAck(0);
  12   1        I2C_SendByte(IIC_Data);
  13   1        I2C_WaitAck(0);
  14   1        I2C_Stop();
  15   1      }
  16          /*********************OLED写命令************************************/
  17          void OLED_WrCmd(unsigned char IIC_Command)
  18          {
  19   1        I2C_Start();
  20   1        I2C_SendByte(OLED_address);
  21   1        I2C_WaitAck(0);
  22   1        I2C_SendByte(0x00);
  23   1        I2C_WaitAck(0);
  24   1        I2C_SendByte(IIC_Command);
  25   1        I2C_WaitAck(0);
  26   1        I2C_Stop();
  27   1      }
  28          /*********************OLED 设置坐标************************************/
  29          void OLED_Set_Pos(unsigned char x, unsigned char y) 
  30          { 
  31   1        OLED_WrCmd(0xb0+y);
  32   1        OLED_WrCmd(((x&0xf0)>>4)|0x10);
  33   1        OLED_WrCmd((x&0x0f)|0x01);
  34   1      } 
  35          /*********************OLED全屏************************************/
  36          void OLED_Fill(unsigned char bmp_dat) 
  37          {
  38   1        unsigned char y,x;
  39   1        for(y=0;y<8;y++)
  40   1        {
  41   2          OLED_WrCmd(0xb0+y);
  42   2          OLED_WrCmd(0x01);
  43   2          OLED_WrCmd(0x10);
  44   2          for(x=0;x<X_WIDTH;x++)
  45   2          OLED_WrDat(bmp_dat);
  46   2        }
  47   1      }
  48          /*********************OLED复位************************************/
  49          void OLED_CLS(void)
  50          {
  51   1        unsigned char y,x;
  52   1        for(y=0;y<8;y++)
  53   1        {
  54   2          OLED_WrCmd(0xb0+y);
C51 COMPILER V9.59.0.0   SSD1306I2C                                                        05/07/2024 08:54:25 PAGE 2   

  55   2          OLED_WrCmd(0x01);
  56   2          OLED_WrCmd(0x10);
  57   2          for(x=0;x<X_WIDTH;x++)
  58   2          OLED_WrDat(0);
  59   2        }
  60   1      }
  61          /*********************OLED初始化************************************/
  62          void OLED_Init(void)
  63          {
  64   1        // 初始化之前的延时很重要！
  65   1        OLED_WrCmd(0xae); // 关闭 OLED 面板
  66   1        OLED_WrCmd(0x00); // 设置低列地址
  67   1        OLED_WrCmd(0x10); // 设置高列地址
  68   1        OLED_WrCmd(0x40); // 设置起始行地址，映射 RAM 显示起始行 (0x00~0x3F)
  69   1        OLED_WrCmd(0x81); // 设置对比度控制寄存器
  70   1        OLED_WrCmd(Brightness); // 设置 SEG 输出电流亮度
  71   1        OLED_WrCmd(0xa1); // 设置 SEG/列映射，0xa0 左右反置，0xa1 正常
  72   1        OLED_WrCmd(0xc8); // 设置 COM/行扫描方向，0xc0 上下反置，0xc8 正常
  73   1        OLED_WrCmd(0xa6); // 设置正常显示
  74   1        OLED_WrCmd(0xa8); // 设置多路复用比率 (1 到 64)
  75   1        OLED_WrCmd(0x3f); // 1/64 帧
  76   1        OLED_WrCmd(0xd3); // 设置显示偏移，移动映射 RAM 计数器 (0x00~0x3F)
  77   1        OLED_WrCmd(0x00); // 不偏移
  78   1        OLED_WrCmd(0xd5); // 设置显示时钟分频比/振荡器频率
  79   1        OLED_WrCmd(0x80); // 设置分频比，设置时钟为 100 帧/秒
  80   1        OLED_WrCmd(0xd9); // 设置预充电周期
  81   1        OLED_WrCmd(0xf1); // 设置预充电为 15 个时钟，放电为 1 个时钟
  82   1        OLED_WrCmd(0xda); // 设置 COM 引脚硬件配置
  83   1        OLED_WrCmd(0x12);
  84   1        OLED_WrCmd(0xdb); // 设置 VCOMH
  85   1        OLED_WrCmd(0x40); // 设置 VCOM 取消电平
  86   1        OLED_WrCmd(0x20); // 设置页寻址模式 (0x00/0x01/0x02)
  87   1        OLED_WrCmd(0x02);
  88   1        OLED_WrCmd(0x8d); // 设置 DC-DC 启用/禁用
  89   1        OLED_WrCmd(0x14); // 设置 (0x10) 禁用
  90   1        OLED_WrCmd(0xa4); // 关闭整个显示 (0xa4/0xa5)
  91   1        OLED_WrCmd(0xa6); // 关闭反显显示 (0xa6/a7)
  92   1        OLED_WrCmd(0xaf); // 打开 OLED 面板
  93   1        OLED_Fill(0x00); // 初始清屏
  94   1        OLED_Set_Pos(0,0);
  95   1      }
  96          /***************功能描述：显示6*8一组标准ASCII字符串  显示的坐标（x,y），y为页范围0～7****************/
  97          void OLED_P6x8Str(unsigned char x, y,unsigned char ch[])
  98          {
  99   1        unsigned char c=0,i=0,j=0;
 100   1        while (ch[j]!='\0')
 101   1        {
 102   2          c =ch[j]-32;
 103   2          if(x>126){x=0;y++;}
 104   2          OLED_Set_Pos(x,y);
 105   2          for(i=0;i<6;i++)
 106   2          OLED_WrDat(F6x8[c][i]);
 107   2          x+=6;
 108   2          j++;
 109   2        }
 110   1      }
 111          
 112          void OLED_P6x8Val(unsigned char x, y,unsigned long numvalue)
 113          {
 114   1        unsigned char t[10];
 115   1        sprintf(t, "%lu", numvalue);
 116   1        OLED_P6x8Str(x,y,t);
C51 COMPILER V9.59.0.0   SSD1306I2C                                                        05/07/2024 08:54:25 PAGE 3   

 117   1      }
 118          
 119          /*******************功能描述：显示8*16一组标准ASCII字符串  显示的坐标（x,y），y为页范围0～7***************
             -*/
 120          void OLED_P8x16Str(unsigned char x, y,unsigned char ch[])
 121          {
 122   1        unsigned char c=0,i=0,j=0;
 123   1        while (ch[j]!='\0')
 124   1        {
 125   2          c =ch[j]-32;
 126   2          if(x>120){x=0;y++;}
 127   2          OLED_Set_Pos(x,y);
 128   2          for(i=0;i<8;i++)
 129   2          OLED_WrDat(F8X16[c*16+i]);
 130   2          OLED_Set_Pos(x,y+1);
 131   2          for(i=0;i<8;i++)
 132   2          OLED_WrDat(F8X16[c*16+i+8]);
 133   2          x+=8;
 134   2          j++;
 135   2        }
 136   1      }
 137          
 138          void OLED_P8x16Val(unsigned char x, y,unsigned long numvalue)
 139          {
 140   1        unsigned char t[10];
 141   1        sprintf(t, "%lu", numvalue);
 142   1        OLED_P8x16Str(x,y,t);
 143   1      }
 144          /*****************功能描述：显示16*16点阵  显示的坐标（x,y），y为页范围0～7****************************/
 145          void OLED_P16x16Ch(unsigned char x, y, N)
 146          {
 147   1        unsigned char wm=0;
 148   1        unsigned int adder=32*N;
 149   1        OLED_Set_Pos(x , y);
 150   1        for(wm = 0;wm < 16;wm++)
 151   1        {
 152   2          OLED_WrDat(F16x16[adder]);
 153   2          adder += 1;
 154   2        }
 155   1        OLED_Set_Pos(x,y + 1);
 156   1        for(wm = 0;wm < 16;wm++)
 157   1        {
 158   2          OLED_WrDat(F16x16[adder]);
 159   2          adder += 1;
 160   2        }       
 161   1      }
 162          /***********功能描述：显示显示BMP图片128×64起始点坐标(x,y),x的范围0～127，y为页的范围0～7****************
             -*/
 163          void Draw_BMP(unsigned char x0, y0,x1, y1,unsigned char BMP[])
 164          {
 165   1        unsigned int j=0;
 166   1        unsigned char x,y;
 167   1      
 168   1        if(y1%8==0) y=y1/8;      
 169   1        else y=y1/8+1;
 170   1        for(y=y0;y<y1;y++)
 171   1        {
 172   2          OLED_Set_Pos(x0,y);
 173   2          for(x=x0;x<x1;x++)
 174   2            {      
 175   3              OLED_WrDat(BMP[j++]);
 176   3            }
C51 COMPILER V9.59.0.0   SSD1306I2C                                                        05/07/2024 08:54:25 PAGE 4   

 177   2        }
 178   1      }


MODULE INFORMATION:   STATIC OVERLAYABLE
   CODE SIZE        =   1351    ----
   CONSTANT SIZE    =   4604    ----
   XDATA SIZE       =   ----      80
   PDATA SIZE       =   ----    ----
   DATA SIZE        =   ----    ----
   IDATA SIZE       =   ----    ----
   BIT SIZE         =   ----    ----
END OF MODULE INFORMATION.


C51 COMPILATION COMPLETE.  0 WARNING(S),  0 ERROR(S)
